2024-11-09 00:14:56,850 - INFO - Application started
2024-11-09 00:15:01,444 - INFO - Application started
2024-11-09 00:15:01,516 - INFO - Application started
2024-11-09 00:15:01,517 - INFO - Download requested for URL: https://www.youtube.com/watch?v=iSLtnD1lJx0 in format: MP4
2024-11-09 00:15:01,518 - INFO - Starting download process for URL: https://www.youtube.com/watch?v=iSLtnD1lJx0 in format: mp4
2024-11-09 00:15:01,576 - DEBUG - Fetching video information
2024-11-09 00:15:03,855 - INFO - Video details - Title: Amadeus - Dominance, Duration: 298 seconds
2024-11-09 00:15:03,858 - INFO - Processing MP4 download
2024-11-09 00:15:03,893 - DEBUG - Starting download
2024-11-09 00:15:10,224 - INFO - Download completed: downloads/Amadeus - Dominance.mp4
2024-11-09 00:15:10,226 - INFO - File ready for download: downloads/Amadeus - Dominance.mp4
2024-11-09 00:15:12,745 - INFO - Application started
2024-11-09 00:15:52,974 - INFO - Application started
2024-11-09 00:15:53,878 - INFO - Application started
2024-11-09 00:15:53,879 - INFO - Download requested for URL: https://www.youtube.com/watch?v=iSLtnD1lJx0 in format: MP3
2024-11-09 00:15:53,879 - INFO - Starting download process for URL: https://www.youtube.com/watch?v=iSLtnD1lJx0 in format: mp3
2024-11-09 00:15:53,919 - DEBUG - Fetching video information
2024-11-09 00:15:55,651 - INFO - Video details - Title: Amadeus - Dominance, Duration: 298 seconds
2024-11-09 00:15:55,653 - INFO - Processing MP3 download
2024-11-09 00:15:55,689 - DEBUG - Starting download
2024-11-09 00:16:01,529 - INFO - Download completed: downloads/Amadeus - Dominance.mp3
2024-11-09 00:16:01,531 - INFO - File ready for download: downloads/Amadeus - Dominance.mp3
2024-11-09 00:16:06,771 - INFO - Application started
