2024-11-09 00:13:00,533 - INFO - Starting download process for URL: https://www.youtube.com/watch?v=iSLtnD1lJx0 in format: mp3
2024-11-09 00:13:00,534 - DEBUG - Initializing YouTube object
2024-11-09 00:13:00,534 - DEBUG - matched regex search: (?:v=|\/)([0-9A-Za-z_-]{11}).*
2024-11-09 00:13:00,535 - INFO - Successfully created YouTube object for video ID: iSLtnD1lJx0
2024-11-09 00:13:02,443 - ERROR - Error accessing video metadata: Exception while accessing title of https://youtube.com/watch?v=iSLtnD1lJx0. Please file a bug report at https://github.com/pytube/pytube
Traceback (most recent call last):
  File "/Users/alexanderbowser/Desktop/2025 Python/YouTube_Download/pydwn/lib/python3.13/site-packages/pytube/__main__.py", line 341, in title
    self._title = self.vid_info['videoDetails']['title']
                  ~~~~~~~~~~~~~^^^^^^^^^^^^^^^^
KeyError: 'videoDetails'

During handling of the above exception, another exception occurred:

Traceback (most recent call last):
  File "/Users/alexanderbowser/Desktop/2025 Python/YouTube_Download/app.py", line 52, in download_video
    title = yt.title
            ^^^^^^^^
  File "/Users/alexanderbowser/Desktop/2025 Python/YouTube_Download/pydwn/lib/python3.13/site-packages/pytube/__main__.py", line 346, in title
    raise exceptions.PytubeError(
    ...<4 lines>...
    )
pytube.exceptions.PytubeError: Exception while accessing title of https://youtube.com/watch?v=iSLtnD1lJx0. Please file a bug report at https://github.com/pytube/pytube
